<testsuites id="" name="" tests="5" failures="0" skipped="0" errors="0" time="9.957661">
<testsuite name="EP-01-Gestion-Materias-Flashcards\flashcard.spec.js" timestamp="2025-10-11T23:08:49.501Z" hostname="chromium" tests="4" failures="0" skipped="0" time="20.807" errors="0">
<testcase name="QuizCraft - Creación de Flashcards › TC001: Debería autenticar usuario con credenciales demo" classname="EP-01-Gestion-Materias-Flashcards\flashcard.spec.js" time="3.53">
</testcase>
<testcase name="QuizCraft - Creación de Flashcards › TC002: Debería crear una nueva flashcard exitosamente" classname="EP-01-Gestion-Materias-Flashcards\flashcard.spec.js" time="7.603">
<system-out>
<![CDATA[Flashcard creada exitosamente
]]>
</system-out>
</testcase>
<testcase name="QuizCraft - Creación de Flashcards › TC003: Debería mostrar validaciones para campos obligatorios" classname="EP-01-Gestion-Materias-Flashcards\flashcard.spec.js" time="4.108">
</testcase>
<testcase name="QuizCraft - Creación de Flashcards › TC004: Debería filtrar flashcards por materia" classname="EP-01-Gestion-Materias-Flashcards\flashcard.spec.js" time="5.566">
<system-out>
<![CDATA[Encontradas 15 etiquetas de materia "Programación"
]]>
</system-out>
</testcase>
</testsuite>
<testsuite name="EP-01-Gestion-Materias-Flashcards\materias\materias.spec.js" timestamp="2025-10-11T23:08:49.501Z" hostname="chromium" tests="1" failures="0" skipped="0" time="3.23" errors="0">
<testcase name="US-59: Gestión de Materias de Estudio › Debería mostrar la lista de materias" classname="EP-01-Gestion-Materias-Flashcards\materias\materias.spec.js" time="3.23">
<system-out>
<![CDATA[✅ Página de materias cargada correctamente
]]>
</system-out>
</testcase>
</testsuite>
</testsuites>